# JRE version: Java(TM) SE Runtime Environment (12.0.2+10) (build 12.0.2+10)
# Java VM: Java HotSpot(TM) 64-Bit Server VM (12.0.2+10, mixed mode, sharing, tiered, compressed oops, g1 gc, windows-amd64)
Heap:
 garbage-first heap   total 401408K, used 341242K [0x00000000c0000000, 0x0000000100000000)
  region size 1024K, 135 young (138240K), 12 survivors (12288K)
 Metaspace       used 152694K, capacity 164667K, committed 164844K, reserved 1193984K
  class space    used 17458K, capacity 21352K, committed 21376K, reserved 1048576K
GC Heap History (10 events):
Event: 1418.154 GC heap before
{Heap before GC invocations=43 (full 0):
 garbage-first heap   total 401408K, used 339470K [0x00000000c0000000, 0x0000000100000000)
  region size 1024K, 156 young (159744K), 13 survivors (13312K)
 Metaspace       used 148503K, capacity 160066K, committed 160236K, reserved 1187840K
  class space    used 17176K, capacity 21061K, committed 21120K, reserved 1048576K
}
Event: 1418.162 GC heap after
{Heap after GC invocations=44 (full 0):
 garbage-first heap   total 401408K, used 196836K [0x00000000c0000000, 0x0000000100000000)
  region size 1024K, 19 young (19456K), 19 survivors (19456K)
 Metaspace       used 148503K, capacity 160066K, committed 160236K, reserved 1187840K
  class space    used 17176K, capacity 21061K, committed 21120K, reserved 1048576K
}
Event: 1489.050 GC heap before
{Heap before GC invocations=44 (full 0):
 garbage-first heap   total 401408K, used 334052K [0x00000000c0000000, 0x0000000100000000)
  region size 1024K, 154 young (157696K), 19 survivors (19456K)
 Metaspace       used 148900K, capacity 160387K, committed 160492K, reserved 1189888K
  class space    used 17185K, capacity 21061K, committed 21120K, reserved 1048576K
}
Event: 1489.057 GC heap after
{Heap after GC invocations=45 (full 0):
 garbage-first heap   total 401408K, used 202834K [0x00000000c0000000, 0x0000000100000000)
  region size 1024K, 17 young (17408K), 17 survivors (17408K)
 Metaspace       used 148900K, capacity 160387K, committed 160492K, reserved 1189888K
  class space    used 17185K, capacity 21061K, committed 21120K, reserved 1048576K
}
Event: 1545.166 GC heap before
{Heap before GC invocations=45 (full 0):
 garbage-first heap   total 401408K, used 334930K [0x00000000c0000000, 0x0000000100000000)
  region size 1024K, 146 young (149504K), 17 survivors (17408K)
 Metaspace       used 149548K, capacity 161353K, committed 161516K, reserved 1189888K
  class space    used 17207K, capacity 21062K, committed 21120K, reserved 1048576K
}
Event: 1545.172 GC heap after
{Heap after GC invocations=46 (full 0):
 garbage-first heap   total 401408K, used 204359K [0x00000000c0000000, 0x0000000100000000)
  region size 1024K, 10 young (10240K), 10 survivors (10240K)
 Metaspace       used 149548K, capacity 161353K, committed 161516K, reserved 1189888K
  class space    used 17207K, capacity 21062K, committed 21120K, reserved 1048576K
}
Event: 1741.446 GC heap before
{Heap before GC invocations=46 (full 0):
 garbage-first heap   total 401408K, used 337479K [0x00000000c0000000, 0x0000000100000000)
  region size 1024K, 141 young (144384K), 10 survivors (10240K)
 Metaspace       used 151797K, capacity 163577K, committed 163692K, reserved 1191936K
  class space    used 17405K, capacity 21245K, committed 21248K, reserved 1048576K
}
Event: 1741.451 GC heap after
{Heap after GC invocations=47 (full 0):
 garbage-first heap   total 401408K, used 203600K [0x00000000c0000000, 0x0000000100000000)
  region size 1024K, 9 young (9216K), 9 survivors (9216K)
 Metaspace       used 151797K, capacity 163577K, committed 163692K, reserved 1191936K
  class space    used 17405K, capacity 21245K, committed 21248K, reserved 1048576K
}
Event: 1784.191 GC heap before
{Heap before GC invocations=47 (full 0):
 garbage-first heap   total 401408K, used 343888K [0x00000000c0000000, 0x0000000100000000)
  region size 1024K, 143 young (146432K), 9 survivors (9216K)
 Metaspace       used 152378K, capacity 164279K, committed 164332K, reserved 1191936K
  class space    used 17439K, capacity 21324K, committed 21376K, reserved 1048576K
}
Event: 1784.197 GC heap after
{Heap after GC invocations=48 (full 0):
 garbage-first heap   total 401408K, used 208122K [0x00000000c0000000, 0x0000000100000000)
  region size 1024K, 12 young (12288K), 12 survivors (12288K)
 Metaspace       used 152378K, capacity 164279K, committed 164332K, reserved 1191936K
  class space    used 17439K, capacity 21324K, committed 21376K, reserved 1048576K
}

