# JRE version: Java(TM) SE Runtime Environment (12.0.2+10) (build 12.0.2+10)
# Java VM: Java HotSpot(TM) 64-Bit Server VM (12.0.2+10, mixed mode, sharing, tiered, compressed oops, g1 gc, windows-amd64)
Heap:
 garbage-first heap   total 285696K, used 203668K [0x00000000c0000000, 0x0000000100000000)
  region size 1024K, 47 young (48128K), 3 survivors (3072K)
 Metaspace       used 138405K, capacity 149352K, committed 149492K, reserved 1179648K
  class space    used 16027K, capacity 19660K, committed 19788K, reserved 1048576K
GC Heap History (10 events):
Event: 188.070 GC heap before
{Heap before GC invocations=60 (full 0):
 garbage-first heap   total 278528K, used 179205K [0x00000000c0000000, 0x0000000100000000)
  region size 1024K, 23 young (23552K), 2 survivors (2048K)
 Metaspace       used 137263K, capacity 148173K, committed 148340K, reserved 1177600K
  class space    used 15968K, capacity 19592K, committed 19660K, reserved 1048576K
}
Event: 188.073 GC heap after
{Heap after GC invocations=61 (full 0):
 garbage-first heap   total 278528K, used 157761K [0x00000000c0000000, 0x0000000100000000)
  region size 1024K, 2 young (2048K), 2 survivors (2048K)
 Metaspace       used 137263K, capacity 148173K, committed 148340K, reserved 1177600K
  class space    used 15968K, capacity 19592K, committed 19660K, reserved 1048576K
}
Event: 194.788 GC heap before
{Heap before GC invocations=62 (full 0):
 garbage-first heap   total 278528K, used 181313K [0x00000000c0000000, 0x0000000100000000)
  region size 1024K, 25 young (25600K), 2 survivors (2048K)
 Metaspace       used 137342K, capacity 148238K, committed 148340K, reserved 1177600K
  class space    used 15968K, capacity 19592K, committed 19660K, reserved 1048576K
}
Event: 194.791 GC heap after
{Heap after GC invocations=63 (full 0):
 garbage-first heap   total 278528K, used 157766K [0x00000000c0000000, 0x0000000100000000)
  region size 1024K, 2 young (2048K), 2 survivors (2048K)
 Metaspace       used 137342K, capacity 148238K, committed 148340K, reserved 1177600K
  class space    used 15968K, capacity 19592K, committed 19660K, reserved 1048576K
}
Event: 198.443 GC heap before
{Heap before GC invocations=64 (full 0):
 garbage-first heap   total 278528K, used 178246K [0x00000000c0000000, 0x0000000100000000)
  region size 1024K, 22 young (22528K), 2 survivors (2048K)
 Metaspace       used 137498K, capacity 148405K, committed 148596K, reserved 1177600K
  class space    used 15980K, capacity 19625K, committed 19660K, reserved 1048576K
}
Event: 198.446 GC heap after
{Heap after GC invocations=65 (full 0):
 garbage-first heap   total 278528K, used 158960K [0x00000000c0000000, 0x0000000100000000)
  region size 1024K, 3 young (3072K), 3 survivors (3072K)
 Metaspace       used 137498K, capacity 148405K, committed 148596K, reserved 1177600K
  class space    used 15980K, capacity 19625K, committed 19660K, reserved 1048576K
}
Event: 209.753 GC heap before
{Heap before GC invocations=66 (full 0):
 garbage-first heap   total 285696K, used 199920K [0x00000000c0000000, 0x0000000100000000)
  region size 1024K, 39 young (39936K), 3 survivors (3072K)
 Metaspace       used 137956K, capacity 148824K, committed 148980K, reserved 1179648K
  class space    used 16021K, capacity 19657K, committed 19788K, reserved 1048576K
}
Event: 209.756 GC heap after
{Heap after GC invocations=67 (full 0):
 garbage-first heap   total 285696K, used 159610K [0x00000000c0000000, 0x0000000100000000)
  region size 1024K, 3 young (3072K), 3 survivors (3072K)
 Metaspace       used 137956K, capacity 148824K, committed 148980K, reserved 1179648K
  class space    used 16021K, capacity 19657K, committed 19788K, reserved 1048576K
}
Event: 217.983 GC heap before
{Heap before GC invocations=68 (full 0):
 garbage-first heap   total 285696K, used 179066K [0x00000000c0000000, 0x0000000100000000)
  region size 1024K, 22 young (22528K), 3 survivors (3072K)
 Metaspace       used 138126K, capacity 149087K, committed 149236K, reserved 1179648K
  class space    used 16023K, capacity 19658K, committed 19788K, reserved 1048576K
}
Event: 217.987 GC heap after
{Heap after GC invocations=69 (full 0):
 garbage-first heap   total 285696K, used 158612K [0x00000000c0000000, 0x0000000100000000)
  region size 1024K, 3 young (3072K), 3 survivors (3072K)
 Metaspace       used 138126K, capacity 149087K, committed 149236K, reserved 1179648K
  class space    used 16023K, capacity 19658K, committed 19788K, reserved 1048576K
}

