# JRE version: Java(TM) SE Runtime Environment (12.0.2+10) (build 12.0.2+10)
# Java VM: Java HotSpot(TM) 64-Bit Server VM (12.0.2+10, mixed mode, sharing, tiered, compressed oops, g1 gc, windows-amd64)
Heap:
 garbage-first heap   total 482304K, used 297956K [0x00000000c0000000, 0x0000000100000000)
  region size 1024K, 133 young (136192K), 29 survivors (29696K)
 Metaspace       used 137150K, capacity 148437K, committed 148636K, reserved 1177600K
  class space    used 16116K, capacity 19849K, committed 19968K, reserved 1048576K
GC Heap History (10 events):
Event: 250.892 GC heap before
{Heap before GC invocations=45 (full 0):
 garbage-first heap   total 482304K, used 399574K [0x00000000c0000000, 0x0000000100000000)
  region size 1024K, 133 young (136192K), 13 survivors (13312K)
 Metaspace       used 117028K, capacity 127088K, committed 127132K, reserved 1159168K
  class space    used 13630K, capacity 17144K, committed 17152K, reserved 1048576K
}
Event: 250.899 GC heap after
{Heap after GC invocations=46 (full 0):
 garbage-first heap   total 482304K, used 278049K [0x00000000c0000000, 0x0000000100000000)
  region size 1024K, 6 young (6144K), 6 survivors (6144K)
 Metaspace       used 117028K, capacity 127088K, committed 127132K, reserved 1159168K
  class space    used 13630K, capacity 17144K, committed 17152K, reserved 1048576K
}
Event: 251.330 GC heap before
{Heap before GC invocations=47 (full 0):
 garbage-first heap   total 482304K, used 294433K [0x00000000c0000000, 0x0000000100000000)
  region size 1024K, 126 young (129024K), 6 survivors (6144K)
 Metaspace       used 120232K, capacity 130565K, committed 130716K, reserved 1163264K
  class space    used 14001K, capacity 17631K, committed 17664K, reserved 1048576K
}
Event: 251.337 GC heap after
{Heap after GC invocations=48 (full 0):
 garbage-first heap   total 482304K, used 179734K [0x00000000c0000000, 0x0000000100000000)
  region size 1024K, 13 young (13312K), 13 survivors (13312K)
 Metaspace       used 120232K, capacity 130565K, committed 130716K, reserved 1163264K
  class space    used 14001K, capacity 17631K, committed 17664K, reserved 1048576K
}
Event: 251.527 GC heap before
{Heap before GC invocations=48 (full 0):
 garbage-first heap   total 482304K, used 189974K [0x00000000c0000000, 0x0000000100000000)
  region size 1024K, 23 young (23552K), 13 survivors (13312K)
 Metaspace       used 120406K, capacity 130758K, committed 130972K, reserved 1163264K
  class space    used 14006K, capacity 17631K, committed 17664K, reserved 1048576K
}
Event: 251.532 GC heap after
{Heap after GC invocations=49 (full 0):
 garbage-first heap   total 482304K, used 134906K [0x00000000c0000000, 0x0000000100000000)
  region size 1024K, 2 young (2048K), 2 survivors (2048K)
 Metaspace       used 120406K, capacity 130758K, committed 130972K, reserved 1163264K
  class space    used 14006K, capacity 17631K, committed 17664K, reserved 1048576K
}
Event: 303.486 GC heap before
{Heap before GC invocations=49 (full 0):
 garbage-first heap   total 482304K, used 338682K [0x00000000c0000000, 0x0000000100000000)
  region size 1024K, 191 young (195584K), 2 survivors (2048K)
 Metaspace       used 133389K, capacity 144265K, committed 144412K, reserved 1173504K
  class space    used 15845K, capacity 19559K, committed 19584K, reserved 1048576K
}
Event: 303.493 GC heap after
{Heap after GC invocations=50 (full 0):
 garbage-first heap   total 482304K, used 147403K [0x00000000c0000000, 0x0000000100000000)
  region size 1024K, 14 young (14336K), 14 survivors (14336K)
 Metaspace       used 133389K, capacity 144265K, committed 144412K, reserved 1173504K
  class space    used 15845K, capacity 19559K, committed 19584K, reserved 1048576K
}
Event: 534.102 GC heap before
{Heap before GC invocations=50 (full 0):
 garbage-first heap   total 482304K, used 374731K [0x00000000c0000000, 0x0000000100000000)
  region size 1024K, 229 young (234496K), 14 survivors (14336K)
 Metaspace       used 135423K, capacity 146686K, committed 146972K, reserved 1177600K
  class space    used 15977K, capacity 19715K, committed 19840K, reserved 1048576K
}
Event: 534.112 GC heap after
{Heap after GC invocations=51 (full 0):
 garbage-first heap   total 482304K, used 167908K [0x00000000c0000000, 0x0000000100000000)
  region size 1024K, 29 young (29696K), 29 survivors (29696K)
 Metaspace       used 135423K, capacity 146686K, committed 146972K, reserved 1177600K
  class space    used 15977K, capacity 19715K, committed 19840K, reserved 1048576K
}

